Drill report for D:\GIThub\LINDCMotorDriver\pcb\lmd.kicad_pcb
Created on 24.04.2018 18:33:19

Copper Layer Stackup:
    =============================================================
    L1 :  F.Cu                      front
    L2 :  B.Cu                      back


Drill file 'lmd-PTH.drl' contains
    plated through holes:
    =============================================================
    T1  0,20mm  0,008"  (33 holes)
    T2  0,33mm  0,013"  (6 holes)
    T3  0,40mm  0,016"  (37 holes)
    T4  0,65mm  0,026"  (8 holes)
    T5  1,00mm  0,039"  (4 holes)
    T6  1,32mm  0,052"  (3 holes)

    Total plated holes count 91


Drill file 'lmd-NPTH.drl' contains
    unplated through holes:
    =============================================================
    T1  0,45mm  0,018"  (14 holes)

    Total unplated holes count 14
